2021-06-25 11:24:23,927 INFO n.d.b.a.BlockbusterAuthApplication [restartedMain] Starting BlockbusterAuthApplication using Java 1.8.0_111 on teodora-pc with PID 1804704 (/home/teodora/PROJEKATDUALSOFRPRAKSA/proba1/blockbuster/Blockbuster-parent/blockbuster-auth/target/classes started by teodora in /home/teodora/PROJEKATDUALSOFRPRAKSA/proba1/blockbuster/Blockbuster-parent/blockbuster-auth)
2021-06-25 11:24:23,932 INFO n.d.b.a.BlockbusterAuthApplication [restartedMain] No active profile set, falling back to default profiles: default
2021-06-25 11:24:26,178 INFO n.d.b.a.BlockbusterAuthApplication [restartedMain] Started BlockbusterAuthApplication in 2.558 seconds (JVM running for 3.123)
2021-06-25 11:27:39,155 INFO n.d.b.a.BlockbusterAuthApplication [restartedMain] Starting BlockbusterAuthApplication using Java 1.8.0_111 on teodora-pc with PID 1806052 (/home/teodora/PROJEKATDUALSOFRPRAKSA/proba1/blockbuster/Blockbuster-parent/blockbuster-auth/target/classes started by teodora in /home/teodora/PROJEKATDUALSOFRPRAKSA/proba1/blockbuster/Blockbuster-parent/blockbuster-auth)
2021-06-25 11:27:39,159 INFO n.d.b.a.BlockbusterAuthApplication [restartedMain] No active profile set, falling back to default profiles: default
2021-06-25 11:27:41,683 INFO n.d.b.a.BlockbusterAuthApplication [restartedMain] Started BlockbusterAuthApplication in 2.751 seconds (JVM running for 3.32)
2021-06-25 14:06:21,194 INFO n.d.b.a.BlockbusterAuthApplication [restartedMain] Starting BlockbusterAuthApplication using Java 1.8.0_111 on teodora-pc with PID 1806052 (/home/teodora/PROJEKATDUALSOFRPRAKSA/proba1/blockbuster/Blockbuster-parent/blockbuster-auth/target/classes started by teodora in /home/teodora/PROJEKATDUALSOFRPRAKSA/proba1/blockbuster/Blockbuster-parent/blockbuster-auth)
2021-06-25 14:06:21,195 INFO n.d.b.a.BlockbusterAuthApplication [restartedMain] No active profile set, falling back to default profiles: default
2021-06-25 14:06:22,396 INFO n.d.b.a.BlockbusterAuthApplication [restartedMain] Started BlockbusterAuthApplication in 1.251 seconds (JVM running for 9524.034)
2021-06-25 14:16:34,620 INFO n.d.b.a.BlockbusterAuthApplication [restartedMain] Starting BlockbusterAuthApplication using Java 1.8.0_111 on teodora-pc with PID 1806052 (/home/teodora/PROJEKATDUALSOFRPRAKSA/proba1/blockbuster/Blockbuster-parent/blockbuster-auth/target/classes started by teodora in /home/teodora/PROJEKATDUALSOFRPRAKSA/proba1/blockbuster/Blockbuster-parent/blockbuster-auth)
2021-06-25 14:16:34,620 INFO n.d.b.a.BlockbusterAuthApplication [restartedMain] No active profile set, falling back to default profiles: default
2021-06-25 14:16:35,034 INFO n.d.b.a.BlockbusterAuthApplication [restartedMain] Started BlockbusterAuthApplication in 0.445 seconds (JVM running for 10136.671)
2021-06-25 14:17:48,139 INFO n.d.b.a.BlockbusterAuthApplication [restartedMain] Starting BlockbusterAuthApplication using Java 1.8.0_111 on teodora-pc with PID 1824447 (/home/teodora/PROJEKATDUALSOFRPRAKSA/proba1/blockbuster/Blockbuster-parent/blockbuster-auth/target/classes started by teodora in /home/teodora/PROJEKATDUALSOFRPRAKSA/proba1/blockbuster/Blockbuster-parent/blockbuster-auth)
2021-06-25 14:17:48,143 INFO n.d.b.a.BlockbusterAuthApplication [restartedMain] No active profile set, falling back to default profiles: default
2021-06-25 14:17:50,563 INFO n.d.b.a.BlockbusterAuthApplication [restartedMain] Started BlockbusterAuthApplication in 2.645 seconds (JVM running for 3.203)
2021-06-25 14:40:57,603 INFO n.d.b.a.BlockbusterAuthApplication [restartedMain] Starting BlockbusterAuthApplication using Java 1.8.0_111 on teodora-pc with PID 1824447 (/home/teodora/PROJEKATDUALSOFRPRAKSA/proba1/blockbuster/Blockbuster-parent/blockbuster-auth/target/classes started by teodora in /home/teodora/PROJEKATDUALSOFRPRAKSA/proba1/blockbuster/Blockbuster-parent/blockbuster-auth)
2021-06-25 14:40:57,603 INFO n.d.b.a.BlockbusterAuthApplication [restartedMain] No active profile set, falling back to default profiles: default
2021-06-25 14:40:59,043 INFO n.d.b.a.BlockbusterAuthApplication [restartedMain] Started BlockbusterAuthApplication in 1.475 seconds (JVM running for 1391.683)
2021-06-25 14:41:53,912 INFO n.d.b.a.c.RentalController [http-nio-8081-exec-3] Staff member attempted to return rental for 16118
2021-06-25 14:41:53,933 INFO n.d.b.a.c.RentalController [http-nio-8081-exec-3] Staff member successfully returned rental for 16118
2021-06-30 11:25:53,286 INFO n.d.b.a.BlockbusterAuthApplication [restartedMain] Starting BlockbusterAuthApplication using Java 1.8.0_111 on teodora-pc with PID 1824447 (/home/teodora/PROJEKATDUALSOFRPRAKSA/proba1/blockbuster/Blockbuster-parent/blockbuster-auth/target/classes started by teodora in /home/teodora/PROJEKATDUALSOFRPRAKSA/proba1/blockbuster/Blockbuster-parent/blockbuster-auth)
2021-06-30 11:25:53,287 INFO n.d.b.a.BlockbusterAuthApplication [restartedMain] No active profile set, falling back to default profiles: default
2021-06-30 11:26:52,660 INFO n.d.b.a.BlockbusterAuthApplication [restartedMain] Starting BlockbusterAuthApplication using Java 1.8.0_111 on teodora-pc with PID 1824447 (/home/teodora/PROJEKATDUALSOFRPRAKSA/proba1/blockbuster/Blockbuster-parent/blockbuster-auth/target/classes started by teodora in /home/teodora/PROJEKATDUALSOFRPRAKSA/proba1/blockbuster/Blockbuster-parent/blockbuster-auth)
2021-06-30 11:26:52,660 INFO n.d.b.a.BlockbusterAuthApplication [restartedMain] No active profile set, falling back to default profiles: default
2021-06-30 11:26:53,379 INFO n.d.b.a.BlockbusterAuthApplication [restartedMain] Started BlockbusterAuthApplication in 0.753 seconds (JVM running for 421746.019)
2022-01-23 15:17:02,536 INFO n.d.b.a.BlockbusterAuthApplication [restartedMain] Starting BlockbusterAuthApplication using Java 1.8.0_202 on teodora-pc with PID 809936 (/home/teodora/Desktop/praksa/blockbuster/Blockbuster-parent/blockbuster-auth/target/classes started by teodora in /home/teodora/Desktop/praksa/blockbuster/Blockbuster-parent/blockbuster-auth)
2022-01-23 15:17:02,540 INFO n.d.b.a.BlockbusterAuthApplication [restartedMain] No active profile set, falling back to default profiles: default
2022-01-23 15:17:04,796 INFO n.d.b.a.BlockbusterAuthApplication [restartedMain] Started BlockbusterAuthApplication in 2.474 seconds (JVM running for 3.017)
2022-01-23 15:17:11,925 INFO n.d.b.a.BlockbusterAuthApplication [restartedMain] Starting BlockbusterAuthApplication using Java 1.8.0_202 on teodora-pc with PID 809936 (/home/teodora/Desktop/praksa/blockbuster/Blockbuster-parent/blockbuster-auth/target/classes started by teodora in /home/teodora/Desktop/praksa/blockbuster/Blockbuster-parent/blockbuster-auth)
2022-01-23 15:17:11,925 INFO n.d.b.a.BlockbusterAuthApplication [restartedMain] No active profile set, falling back to default profiles: default
2022-01-23 15:17:12,490 INFO n.d.b.a.BlockbusterAuthApplication [restartedMain] Started BlockbusterAuthApplication in 0.601 seconds (JVM running for 10.711)
2022-01-23 15:17:25,624 INFO n.d.b.a.BlockbusterAuthApplication [restartedMain] Starting BlockbusterAuthApplication using Java 1.8.0_202 on teodora-pc with PID 809936 (/home/teodora/Desktop/praksa/blockbuster/Blockbuster-parent/blockbuster-auth/target/classes started by teodora in /home/teodora/Desktop/praksa/blockbuster/Blockbuster-parent/blockbuster-auth)
2022-01-23 15:17:25,625 INFO n.d.b.a.BlockbusterAuthApplication [restartedMain] No active profile set, falling back to default profiles: default
2022-01-23 15:17:26,046 INFO n.d.b.a.BlockbusterAuthApplication [restartedMain] Started BlockbusterAuthApplication in 0.451 seconds (JVM running for 24.266)
2022-01-23 15:28:38,293 INFO n.d.b.a.BlockbusterAuthApplication [restartedMain] Starting BlockbusterAuthApplication using Java 1.8.0_202 on teodora-pc with PID 809936 (/home/teodora/Desktop/praksa/blockbuster/Blockbuster-parent/blockbuster-auth/target/classes started by teodora in /home/teodora/Desktop/praksa/blockbuster/Blockbuster-parent/blockbuster-auth)
2022-01-23 15:28:38,293 INFO n.d.b.a.BlockbusterAuthApplication [restartedMain] No active profile set, falling back to default profiles: default
2022-01-23 15:28:38,826 INFO n.d.b.a.BlockbusterAuthApplication [restartedMain] Started BlockbusterAuthApplication in 0.562 seconds (JVM running for 697.046)
2022-01-23 15:28:55,971 INFO n.d.b.a.BlockbusterAuthApplication [restartedMain] Starting BlockbusterAuthApplication using Java 1.8.0_202 on teodora-pc with PID 809936 (/home/teodora/Desktop/praksa/blockbuster/Blockbuster-parent/blockbuster-auth/target/classes started by teodora in /home/teodora/Desktop/praksa/blockbuster/Blockbuster-parent/blockbuster-auth)
2022-01-23 15:28:55,972 INFO n.d.b.a.BlockbusterAuthApplication [restartedMain] No active profile set, falling back to default profiles: default
2022-01-23 15:28:56,339 INFO n.d.b.a.BlockbusterAuthApplication [restartedMain] Started BlockbusterAuthApplication in 0.399 seconds (JVM running for 714.56)
2022-01-23 15:30:49,501 INFO n.d.b.a.BlockbusterAuthApplication [restartedMain] Starting BlockbusterAuthApplication using Java 1.8.0_202 on teodora-pc with PID 809936 (/home/teodora/Desktop/praksa/blockbuster/Blockbuster-parent/blockbuster-auth/target/classes started by teodora in /home/teodora/Desktop/praksa/blockbuster/Blockbuster-parent/blockbuster-auth)
2022-01-23 15:30:49,501 INFO n.d.b.a.BlockbusterAuthApplication [restartedMain] No active profile set, falling back to default profiles: default
2022-01-23 15:30:49,874 INFO n.d.b.a.BlockbusterAuthApplication [restartedMain] Started BlockbusterAuthApplication in 0.398 seconds (JVM running for 828.094)
2022-01-23 15:31:25,026 INFO n.d.b.a.BlockbusterAuthApplication [restartedMain] Starting BlockbusterAuthApplication using Java 1.8.0_202 on teodora-pc with PID 809936 (/home/teodora/Desktop/praksa/blockbuster/Blockbuster-parent/blockbuster-auth/target/classes started by teodora in /home/teodora/Desktop/praksa/blockbuster/Blockbuster-parent/blockbuster-auth)
2022-01-23 15:31:25,026 INFO n.d.b.a.BlockbusterAuthApplication [restartedMain] No active profile set, falling back to default profiles: default
2022-01-23 15:31:25,374 INFO n.d.b.a.BlockbusterAuthApplication [restartedMain] Started BlockbusterAuthApplication in 0.373 seconds (JVM running for 863.595)
2022-01-23 18:51:40,113 INFO n.d.b.a.BlockbusterAuthApplication [restartedMain] Starting BlockbusterAuthApplication using Java 1.8.0_202 on teodora-pc with PID 809936 (/home/teodora/Desktop/praksa/blockbuster/Blockbuster-parent/blockbuster-auth/target/classes started by teodora in /home/teodora/Desktop/praksa/blockbuster/Blockbuster-parent/blockbuster-auth)
2022-01-23 18:51:40,113 INFO n.d.b.a.BlockbusterAuthApplication [restartedMain] No active profile set, falling back to default profiles: default
2022-01-23 18:51:40,627 INFO n.d.b.a.BlockbusterAuthApplication [restartedMain] Started BlockbusterAuthApplication in 0.545 seconds (JVM running for 12878.848)
2022-01-23 18:52:41,797 INFO n.d.b.a.BlockbusterAuthApplication [restartedMain] Starting BlockbusterAuthApplication using Java 1.8.0_202 on teodora-pc with PID 809936 (/home/teodora/Desktop/praksa/blockbuster/Blockbuster-parent/blockbuster-auth/target/classes started by teodora in /home/teodora/Desktop/praksa/blockbuster/Blockbuster-parent/blockbuster-auth)
2022-01-23 18:52:41,797 INFO n.d.b.a.BlockbusterAuthApplication [restartedMain] No active profile set, falling back to default profiles: default
2022-01-23 18:52:42,094 INFO n.d.b.a.BlockbusterAuthApplication [restartedMain] Started BlockbusterAuthApplication in 0.325 seconds (JVM running for 12940.315)
2022-01-23 18:55:43,213 INFO n.d.b.a.BlockbusterAuthApplication [restartedMain] Starting BlockbusterAuthApplication using Java 1.8.0_202 on teodora-pc with PID 809936 (/home/teodora/Desktop/praksa/blockbuster/Blockbuster-parent/blockbuster-auth/target/classes started by teodora in /home/teodora/Desktop/praksa/blockbuster/Blockbuster-parent/blockbuster-auth)
2022-01-23 18:55:43,213 INFO n.d.b.a.BlockbusterAuthApplication [restartedMain] No active profile set, falling back to default profiles: default
2022-01-23 18:55:43,572 INFO n.d.b.a.BlockbusterAuthApplication [restartedMain] Started BlockbusterAuthApplication in 0.384 seconds (JVM running for 13121.793)
2022-01-23 18:56:33,682 INFO n.d.b.a.BlockbusterAuthApplication [restartedMain] Starting BlockbusterAuthApplication using Java 1.8.0_202 on teodora-pc with PID 809936 (/home/teodora/Desktop/praksa/blockbuster/Blockbuster-parent/blockbuster-auth/target/classes started by teodora in /home/teodora/Desktop/praksa/blockbuster/Blockbuster-parent/blockbuster-auth)
2022-01-23 18:56:33,682 INFO n.d.b.a.BlockbusterAuthApplication [restartedMain] No active profile set, falling back to default profiles: default
2022-01-23 18:56:34,255 INFO n.d.b.a.BlockbusterAuthApplication [restartedMain] Started BlockbusterAuthApplication in 0.597 seconds (JVM running for 13172.476)
2022-01-23 18:59:56,836 INFO n.d.b.a.BlockbusterAuthApplication [restartedMain] Starting BlockbusterAuthApplication using Java 1.8.0_202 on teodora-pc with PID 821246 (/home/teodora/Desktop/praksa/blockbuster/Blockbuster-parent/blockbuster-auth/target/classes started by teodora in /home/teodora/Desktop/praksa/blockbuster/Blockbuster-parent/blockbuster-auth)
2022-01-23 18:59:56,840 INFO n.d.b.a.BlockbusterAuthApplication [restartedMain] No active profile set, falling back to default profiles: default
2022-01-23 18:59:58,876 INFO n.d.b.a.BlockbusterAuthApplication [restartedMain] Started BlockbusterAuthApplication in 2.259 seconds (JVM running for 2.795)
2022-01-23 19:00:06,046 INFO n.d.b.a.BlockbusterAuthApplication [restartedMain] Starting BlockbusterAuthApplication using Java 1.8.0_202 on teodora-pc with PID 821246 (/home/teodora/Desktop/praksa/blockbuster/Blockbuster-parent/blockbuster-auth/target/classes started by teodora in /home/teodora/Desktop/praksa/blockbuster/Blockbuster-parent/blockbuster-auth)
2022-01-23 19:00:06,047 INFO n.d.b.a.BlockbusterAuthApplication [restartedMain] No active profile set, falling back to default profiles: default
2022-01-23 19:00:07,239 INFO n.d.b.a.BlockbusterAuthApplication [restartedMain] Started BlockbusterAuthApplication in 1.227 seconds (JVM running for 11.157)
2022-02-08 11:31:15,023 INFO n.d.b.a.BlockbusterAuthApplication [restartedMain] Starting BlockbusterAuthApplication using Java 1.8.0_202 on teodora-pc with PID 667989 (/home/teodora/Desktop/praksa/blockbuster/Blockbuster-parent/blockbuster-auth/target/classes started by teodora in /home/teodora/Desktop/praksa/blockbuster/Blockbuster-parent/blockbuster-auth)
2022-02-08 11:31:15,028 INFO n.d.b.a.BlockbusterAuthApplication [restartedMain] No active profile set, falling back to default profiles: default
2022-02-08 11:31:17,052 INFO n.d.b.a.BlockbusterAuthApplication [restartedMain] Started BlockbusterAuthApplication in 2.264 seconds (JVM running for 2.859)
2022-02-08 11:31:45,225 INFO n.d.b.a.BlockbusterAuthApplication [restartedMain] Starting BlockbusterAuthApplication using Java 1.8.0_202 on teodora-pc with PID 667989 (/home/teodora/Desktop/praksa/blockbuster/Blockbuster-parent/blockbuster-auth/target/classes started by teodora in /home/teodora/Desktop/praksa/blockbuster/Blockbuster-parent/blockbuster-auth)
2022-02-08 11:31:45,225 INFO n.d.b.a.BlockbusterAuthApplication [restartedMain] No active profile set, falling back to default profiles: default
2022-02-08 11:31:46,213 INFO n.d.b.a.BlockbusterAuthApplication [restartedMain] Started BlockbusterAuthApplication in 1.027 seconds (JVM running for 32.021)
2022-02-08 11:44:25,470 INFO n.d.b.a.BlockbusterAuthApplication [restartedMain] Starting BlockbusterAuthApplication using Java 1.8.0_202 on teodora-pc with PID 667989 (/home/teodora/Desktop/praksa/blockbuster/Blockbuster-parent/blockbuster-auth/target/classes started by teodora in /home/teodora/Desktop/praksa/blockbuster/Blockbuster-parent/blockbuster-auth)
2022-02-08 11:44:25,471 INFO n.d.b.a.BlockbusterAuthApplication [restartedMain] No active profile set, falling back to default profiles: default
2022-02-08 11:44:26,687 INFO n.d.b.a.BlockbusterAuthApplication [restartedMain] Started BlockbusterAuthApplication in 1.254 seconds (JVM running for 792.495)
2022-02-08 11:48:19,121 INFO n.d.b.a.BlockbusterAuthApplication [restartedMain] Starting BlockbusterAuthApplication using Java 1.8.0_202 on teodora-pc with PID 673205 (/home/teodora/Desktop/praksa/blockbuster/Blockbuster-parent/blockbuster-auth/target/classes started by teodora in /home/teodora/Desktop/praksa/blockbuster/Blockbuster-parent/blockbuster-auth)
2022-02-08 11:48:19,126 INFO n.d.b.a.BlockbusterAuthApplication [restartedMain] No active profile set, falling back to default profiles: default
2022-02-08 11:48:21,324 INFO n.d.b.a.BlockbusterAuthApplication [restartedMain] Started BlockbusterAuthApplication in 2.425 seconds (JVM running for 2.969)
2022-02-08 11:48:48,558 INFO n.d.b.a.BlockbusterAuthApplication [restartedMain] Starting BlockbusterAuthApplication using Java 1.8.0_202 on teodora-pc with PID 673205 (/home/teodora/Desktop/praksa/blockbuster/Blockbuster-parent/blockbuster-auth/target/classes started by teodora in /home/teodora/Desktop/praksa/blockbuster/Blockbuster-parent/blockbuster-auth)
2022-02-08 11:48:48,558 INFO n.d.b.a.BlockbusterAuthApplication [restartedMain] No active profile set, falling back to default profiles: default
2022-02-08 11:48:48,752 INFO n.d.b.a.BlockbusterAuthApplication [restartedMain] Starting BlockbusterAuthApplication using Java 1.8.0_202 on teodora-pc with PID 673596 (/home/teodora/Desktop/praksa/blockbuster/Blockbuster-parent/blockbuster-auth/target/classes started by teodora in /home/teodora/Desktop/praksa/blockbuster/Blockbuster-parent/blockbuster-auth)
2022-02-08 11:48:48,757 INFO n.d.b.a.BlockbusterAuthApplication [restartedMain] No active profile set, falling back to default profiles: default
2022-02-08 11:48:49,571 INFO n.d.b.a.BlockbusterAuthApplication [restartedMain] Started BlockbusterAuthApplication in 1.079 seconds (JVM running for 31.216)
2022-02-08 11:48:53,740 INFO n.d.b.a.BlockbusterAuthApplication [restartedMain] Starting BlockbusterAuthApplication using Java 1.8.0_202 on teodora-pc with PID 673205 (/home/teodora/Desktop/praksa/blockbuster/Blockbuster-parent/blockbuster-auth/target/classes started by teodora in /home/teodora/Desktop/praksa/blockbuster/Blockbuster-parent/blockbuster-auth)
2022-02-08 11:48:53,740 INFO n.d.b.a.BlockbusterAuthApplication [restartedMain] No active profile set, falling back to default profiles: default
2022-02-08 11:48:54,123 INFO n.d.b.a.BlockbusterAuthApplication [restartedMain] Started BlockbusterAuthApplication in 0.417 seconds (JVM running for 35.767)
2022-02-08 11:50:29,837 INFO n.d.b.a.BlockbusterAuthApplication [restartedMain] Starting BlockbusterAuthApplication using Java 1.8.0_202 on teodora-pc with PID 674613 (/home/teodora/Desktop/praksa/blockbuster/Blockbuster-parent/blockbuster-auth/target/classes started by teodora in /home/teodora/Desktop/praksa/blockbuster/Blockbuster-parent/blockbuster-auth)
2022-02-08 11:50:29,841 INFO n.d.b.a.BlockbusterAuthApplication [restartedMain] No active profile set, falling back to default profiles: default
2022-02-08 11:50:32,305 INFO n.d.b.a.BlockbusterAuthApplication [restartedMain] Started BlockbusterAuthApplication in 2.69 seconds (JVM running for 3.237)
2022-02-08 11:50:41,458 INFO n.d.b.a.BlockbusterAuthApplication [restartedMain] Starting BlockbusterAuthApplication using Java 1.8.0_202 on teodora-pc with PID 674613 (/home/teodora/Desktop/praksa/blockbuster/Blockbuster-parent/blockbuster-auth/target/classes started by teodora in /home/teodora/Desktop/praksa/blockbuster/Blockbuster-parent/blockbuster-auth)
2022-02-08 11:50:41,458 INFO n.d.b.a.BlockbusterAuthApplication [restartedMain] No active profile set, falling back to default profiles: default
2022-02-08 11:50:42,524 INFO n.d.b.a.BlockbusterAuthApplication [restartedMain] Started BlockbusterAuthApplication in 1.103 seconds (JVM running for 13.456)
2022-02-08 11:56:19,215 INFO n.d.b.a.BlockbusterAuthApplication [restartedMain] Starting BlockbusterAuthApplication using Java 1.8.0_202 on teodora-pc with PID 676126 (/home/teodora/Desktop/praksa/blockbuster/Blockbuster-parent/blockbuster-auth/target/classes started by teodora in /home/teodora/Desktop/praksa/blockbuster/Blockbuster-parent/blockbuster-auth)
2022-02-08 11:56:19,219 INFO n.d.b.a.BlockbusterAuthApplication [restartedMain] No active profile set, falling back to default profiles: default
2022-02-08 11:56:21,119 INFO n.d.b.a.BlockbusterAuthApplication [restartedMain] Started BlockbusterAuthApplication in 2.127 seconds (JVM running for 2.683)
2022-02-08 11:56:58,368 INFO n.d.b.a.BlockbusterAuthApplication [restartedMain] Starting BlockbusterAuthApplication using Java 1.8.0_202 on teodora-pc with PID 676126 (/home/teodora/Desktop/praksa/blockbuster/Blockbuster-parent/blockbuster-auth/target/classes started by teodora in /home/teodora/Desktop/praksa/blockbuster/Blockbuster-parent/blockbuster-auth)
2022-02-08 11:56:58,368 INFO n.d.b.a.BlockbusterAuthApplication [restartedMain] No active profile set, falling back to default profiles: default
2022-02-08 11:57:00,961 INFO n.d.b.a.BlockbusterAuthApplication [restartedMain] Starting BlockbusterAuthApplication using Java 1.8.0_202 on teodora-pc with PID 676126 (/home/teodora/Desktop/praksa/blockbuster/Blockbuster-parent/blockbuster-auth/target/classes started by teodora in /home/teodora/Desktop/praksa/blockbuster/Blockbuster-parent/blockbuster-auth)
2022-02-08 11:57:00,961 INFO n.d.b.a.BlockbusterAuthApplication [restartedMain] No active profile set, falling back to default profiles: default
2022-02-08 11:57:01,800 INFO n.d.b.a.BlockbusterAuthApplication [restartedMain] Started BlockbusterAuthApplication in 0.87 seconds (JVM running for 43.364)
2022-02-08 11:57:27,929 INFO n.d.b.a.BlockbusterAuthApplication [restartedMain] Starting BlockbusterAuthApplication using Java 1.8.0_202 on teodora-pc with PID 676126 (/home/teodora/Desktop/praksa/blockbuster/Blockbuster-parent/blockbuster-auth/target/classes started by teodora in /home/teodora/Desktop/praksa/blockbuster/Blockbuster-parent/blockbuster-auth)
2022-02-08 11:57:27,930 INFO n.d.b.a.BlockbusterAuthApplication [restartedMain] No active profile set, falling back to default profiles: default
2022-02-08 11:57:28,323 INFO n.d.b.a.BlockbusterAuthApplication [restartedMain] Started BlockbusterAuthApplication in 0.422 seconds (JVM running for 69.887)
2022-02-08 11:57:36,473 INFO n.d.b.a.BlockbusterAuthApplication [restartedMain] Starting BlockbusterAuthApplication using Java 1.8.0_202 on teodora-pc with PID 676126 (/home/teodora/Desktop/praksa/blockbuster/Blockbuster-parent/blockbuster-auth/target/classes started by teodora in /home/teodora/Desktop/praksa/blockbuster/Blockbuster-parent/blockbuster-auth)
2022-02-08 11:57:36,474 INFO n.d.b.a.BlockbusterAuthApplication [restartedMain] No active profile set, falling back to default profiles: default
2022-02-08 11:57:38,548 INFO n.d.b.a.BlockbusterAuthApplication [restartedMain] Starting BlockbusterAuthApplication using Java 1.8.0_202 on teodora-pc with PID 676126 (/home/teodora/Desktop/praksa/blockbuster/Blockbuster-parent/blockbuster-auth/target/classes started by teodora in /home/teodora/Desktop/praksa/blockbuster/Blockbuster-parent/blockbuster-auth)
2022-02-08 11:57:38,548 INFO n.d.b.a.BlockbusterAuthApplication [restartedMain] No active profile set, falling back to default profiles: default
2022-02-08 11:57:39,248 INFO n.d.b.a.BlockbusterAuthApplication [restartedMain] Started BlockbusterAuthApplication in 0.76 seconds (JVM running for 80.812)
2022-02-08 11:57:53,361 INFO n.d.b.a.BlockbusterAuthApplication [restartedMain] Starting BlockbusterAuthApplication using Java 1.8.0_202 on teodora-pc with PID 676126 (/home/teodora/Desktop/praksa/blockbuster/Blockbuster-parent/blockbuster-auth/target/classes started by teodora in /home/teodora/Desktop/praksa/blockbuster/Blockbuster-parent/blockbuster-auth)
2022-02-08 11:57:53,361 INFO n.d.b.a.BlockbusterAuthApplication [restartedMain] No active profile set, falling back to default profiles: default
2022-02-08 11:57:53,691 INFO n.d.b.a.BlockbusterAuthApplication [restartedMain] Started BlockbusterAuthApplication in 0.355 seconds (JVM running for 95.255)
2022-02-08 11:58:43,740 INFO n.d.b.a.BlockbusterAuthApplication [restartedMain] Starting BlockbusterAuthApplication using Java 1.8.0_202 on teodora-pc with PID 677282 (/home/teodora/Desktop/praksa/blockbuster/Blockbuster-parent/blockbuster-auth/target/classes started by teodora in /home/teodora/Desktop/praksa/blockbuster/Blockbuster-parent/blockbuster-auth)
2022-02-08 11:58:43,746 INFO n.d.b.a.BlockbusterAuthApplication [restartedMain] No active profile set, falling back to default profiles: default
2022-02-08 11:58:43,826 INFO n.d.b.a.BlockbusterAuthApplication [restartedMain] Starting BlockbusterAuthApplication using Java 1.8.0_202 on teodora-pc with PID 676126 (/home/teodora/Desktop/praksa/blockbuster/Blockbuster-parent/blockbuster-auth/target/classes started by teodora in /home/teodora/Desktop/praksa/blockbuster/Blockbuster-parent/blockbuster-auth)
2022-02-08 11:58:43,827 INFO n.d.b.a.BlockbusterAuthApplication [restartedMain] No active profile set, falling back to default profiles: default
2022-02-08 11:58:44,305 INFO n.d.b.a.BlockbusterAuthApplication [restartedMain] Started BlockbusterAuthApplication in 0.507 seconds (JVM running for 145.869)
2022-02-08 11:58:48,463 INFO n.d.b.a.BlockbusterAuthApplication [restartedMain] Starting BlockbusterAuthApplication using Java 1.8.0_202 on teodora-pc with PID 676126 (/home/teodora/Desktop/praksa/blockbuster/Blockbuster-parent/blockbuster-auth/target/classes started by teodora in /home/teodora/Desktop/praksa/blockbuster/Blockbuster-parent/blockbuster-auth)
2022-02-08 11:58:48,463 INFO n.d.b.a.BlockbusterAuthApplication [restartedMain] No active profile set, falling back to default profiles: default
2022-02-08 11:58:48,774 INFO n.d.b.a.BlockbusterAuthApplication [restartedMain] Started BlockbusterAuthApplication in 0.336 seconds (JVM running for 150.337)
2022-02-08 11:59:15,576 INFO n.d.b.a.BlockbusterAuthApplication [restartedMain] Starting BlockbusterAuthApplication using Java 1.8.0_202 on teodora-pc with PID 677823 (/home/teodora/Desktop/praksa/blockbuster/Blockbuster-parent/blockbuster-auth/target/classes started by teodora in /home/teodora/Desktop/praksa/blockbuster/Blockbuster-parent/blockbuster-auth)
2022-02-08 11:59:15,580 INFO n.d.b.a.BlockbusterAuthApplication [restartedMain] No active profile set, falling back to default profiles: default
2022-02-08 11:59:17,568 INFO n.d.b.a.BlockbusterAuthApplication [restartedMain] Started BlockbusterAuthApplication in 2.211 seconds (JVM running for 2.761)
2022-02-08 11:59:40,750 INFO n.d.b.a.BlockbusterAuthApplication [restartedMain] Starting BlockbusterAuthApplication using Java 1.8.0_202 on teodora-pc with PID 677823 (/home/teodora/Desktop/praksa/blockbuster/Blockbuster-parent/blockbuster-auth/target/classes started by teodora in /home/teodora/Desktop/praksa/blockbuster/Blockbuster-parent/blockbuster-auth)
2022-02-08 11:59:40,750 INFO n.d.b.a.BlockbusterAuthApplication [restartedMain] No active profile set, falling back to default profiles: default
2022-02-08 11:59:41,820 INFO n.d.b.a.BlockbusterAuthApplication [restartedMain] Started BlockbusterAuthApplication in 1.104 seconds (JVM running for 27.012)
2022-02-08 12:04:32,571 INFO n.d.b.a.BlockbusterAuthApplication [restartedMain] Starting BlockbusterAuthApplication using Java 1.8.0_202 on teodora-pc with PID 679873 (/home/teodora/Desktop/praksa/blockbuster/Blockbuster-parent/blockbuster-auth/target/classes started by teodora in /home/teodora/Desktop/praksa/blockbuster/Blockbuster-parent/blockbuster-auth)
2022-02-08 12:04:32,576 INFO n.d.b.a.BlockbusterAuthApplication [restartedMain] No active profile set, falling back to default profiles: default
2022-02-08 12:04:34,928 INFO n.d.b.a.BlockbusterAuthApplication [restartedMain] Started BlockbusterAuthApplication in 2.581 seconds (JVM running for 3.139)
2022-02-08 12:04:41,082 INFO n.d.b.a.BlockbusterAuthApplication [restartedMain] Starting BlockbusterAuthApplication using Java 1.8.0_202 on teodora-pc with PID 679873 (/home/teodora/Desktop/praksa/blockbuster/Blockbuster-parent/blockbuster-auth/target/classes started by teodora in /home/teodora/Desktop/praksa/blockbuster/Blockbuster-parent/blockbuster-auth)
2022-02-08 12:04:41,082 INFO n.d.b.a.BlockbusterAuthApplication [restartedMain] No active profile set, falling back to default profiles: default
2022-02-08 12:04:42,121 INFO n.d.b.a.BlockbusterAuthApplication [restartedMain] Started BlockbusterAuthApplication in 1.073 seconds (JVM running for 10.332)
2022-02-08 18:13:39,170 INFO n.d.b.a.BlockbusterAuthApplication [restartedMain] Starting BlockbusterAuthApplication using Java 1.8.0_202 on teodora-pc with PID 679873 (/home/teodora/Desktop/praksa/blockbuster/Blockbuster-parent/blockbuster-auth/target/classes started by teodora in /home/teodora/Desktop/praksa/blockbuster/Blockbuster-parent/blockbuster-auth)
2022-02-08 18:13:39,171 INFO n.d.b.a.BlockbusterAuthApplication [restartedMain] No active profile set, falling back to default profiles: default
2022-02-08 18:13:39,905 INFO n.d.b.a.BlockbusterAuthApplication [restartedMain] Started BlockbusterAuthApplication in 0.77 seconds (JVM running for 22148.115)
2022-02-08 18:13:58,038 INFO n.d.b.a.BlockbusterAuthApplication [restartedMain] Starting BlockbusterAuthApplication using Java 1.8.0_202 on teodora-pc with PID 679873 (/home/teodora/Desktop/praksa/blockbuster/Blockbuster-parent/blockbuster-auth/target/classes started by teodora in /home/teodora/Desktop/praksa/blockbuster/Blockbuster-parent/blockbuster-auth)
2022-02-08 18:13:58,038 INFO n.d.b.a.BlockbusterAuthApplication [restartedMain] No active profile set, falling back to default profiles: default
2022-02-08 18:13:58,436 INFO n.d.b.a.BlockbusterAuthApplication [restartedMain] Started BlockbusterAuthApplication in 0.426 seconds (JVM running for 22166.647)
2022-02-08 18:14:16,585 INFO n.d.b.a.BlockbusterAuthApplication [restartedMain] Starting BlockbusterAuthApplication using Java 1.8.0_202 on teodora-pc with PID 679873 (/home/teodora/Desktop/praksa/blockbuster/Blockbuster-parent/blockbuster-auth/target/classes started by teodora in /home/teodora/Desktop/praksa/blockbuster/Blockbuster-parent/blockbuster-auth)
2022-02-08 18:14:16,585 INFO n.d.b.a.BlockbusterAuthApplication [restartedMain] No active profile set, falling back to default profiles: default
2022-02-08 18:14:16,994 INFO n.d.b.a.BlockbusterAuthApplication [restartedMain] Started BlockbusterAuthApplication in 0.442 seconds (JVM running for 22185.205)
2022-02-08 18:21:24,152 INFO n.d.b.a.BlockbusterAuthApplication [restartedMain] Starting BlockbusterAuthApplication using Java 1.8.0_202 on teodora-pc with PID 679873 (/home/teodora/Desktop/praksa/blockbuster/Blockbuster-parent/blockbuster-auth/target/classes started by teodora in /home/teodora/Desktop/praksa/blockbuster/Blockbuster-parent/blockbuster-auth)
2022-02-08 18:21:24,152 INFO n.d.b.a.BlockbusterAuthApplication [restartedMain] No active profile set, falling back to default profiles: default
2022-02-08 18:21:24,531 INFO n.d.b.a.BlockbusterAuthApplication [restartedMain] Started BlockbusterAuthApplication in 0.408 seconds (JVM running for 22612.741)
2022-02-08 18:21:42,644 INFO n.d.b.a.BlockbusterAuthApplication [restartedMain] Starting BlockbusterAuthApplication using Java 1.8.0_202 on teodora-pc with PID 679873 (/home/teodora/Desktop/praksa/blockbuster/Blockbuster-parent/blockbuster-auth/target/classes started by teodora in /home/teodora/Desktop/praksa/blockbuster/Blockbuster-parent/blockbuster-auth)
2022-02-08 18:21:42,644 INFO n.d.b.a.BlockbusterAuthApplication [restartedMain] No active profile set, falling back to default profiles: default
2022-02-08 18:21:43,032 INFO n.d.b.a.BlockbusterAuthApplication [restartedMain] Started BlockbusterAuthApplication in 0.414 seconds (JVM running for 22631.243)
2022-02-08 18:22:01,163 INFO n.d.b.a.BlockbusterAuthApplication [restartedMain] Starting BlockbusterAuthApplication using Java 1.8.0_202 on teodora-pc with PID 679873 (/home/teodora/Desktop/praksa/blockbuster/Blockbuster-parent/blockbuster-auth/target/classes started by teodora in /home/teodora/Desktop/praksa/blockbuster/Blockbuster-parent/blockbuster-auth)
2022-02-08 18:22:01,163 INFO n.d.b.a.BlockbusterAuthApplication [restartedMain] No active profile set, falling back to default profiles: default
2022-02-08 18:22:01,761 INFO n.d.b.a.BlockbusterAuthApplication [restartedMain] Started BlockbusterAuthApplication in 0.625 seconds (JVM running for 22649.971)
2022-02-08 18:22:03,860 INFO n.d.b.a.BlockbusterAuthApplication [restartedMain] Starting BlockbusterAuthApplication using Java 1.8.0_202 on teodora-pc with PID 679873 (/home/teodora/Desktop/praksa/blockbuster/Blockbuster-parent/blockbuster-auth/target/classes started by teodora in /home/teodora/Desktop/praksa/blockbuster/Blockbuster-parent/blockbuster-auth)
2022-02-08 18:22:03,860 INFO n.d.b.a.BlockbusterAuthApplication [restartedMain] No active profile set, falling back to default profiles: default
2022-02-08 18:22:04,519 INFO n.d.b.a.BlockbusterAuthApplication [restartedMain] Started BlockbusterAuthApplication in 0.684 seconds (JVM running for 22652.73)
2022-02-08 18:22:22,641 INFO n.d.b.a.BlockbusterAuthApplication [restartedMain] Starting BlockbusterAuthApplication using Java 1.8.0_202 on teodora-pc with PID 679873 (/home/teodora/Desktop/praksa/blockbuster/Blockbuster-parent/blockbuster-auth/target/classes started by teodora in /home/teodora/Desktop/praksa/blockbuster/Blockbuster-parent/blockbuster-auth)
2022-02-08 18:22:22,641 INFO n.d.b.a.BlockbusterAuthApplication [restartedMain] No active profile set, falling back to default profiles: default
2022-02-08 18:22:22,926 INFO n.d.b.a.BlockbusterAuthApplication [restartedMain] Started BlockbusterAuthApplication in 0.308 seconds (JVM running for 22671.136)
2022-02-08 18:22:41,050 INFO n.d.b.a.BlockbusterAuthApplication [restartedMain] Starting BlockbusterAuthApplication using Java 1.8.0_202 on teodora-pc with PID 679873 (/home/teodora/Desktop/praksa/blockbuster/Blockbuster-parent/blockbuster-auth/target/classes started by teodora in /home/teodora/Desktop/praksa/blockbuster/Blockbuster-parent/blockbuster-auth)
2022-02-08 18:22:41,051 INFO n.d.b.a.BlockbusterAuthApplication [restartedMain] No active profile set, falling back to default profiles: default
2022-02-08 18:22:41,595 INFO n.d.b.a.BlockbusterAuthApplication [restartedMain] Started BlockbusterAuthApplication in 0.57 seconds (JVM running for 22689.805)
2022-02-08 18:22:59,713 INFO n.d.b.a.BlockbusterAuthApplication [restartedMain] Starting BlockbusterAuthApplication using Java 1.8.0_202 on teodora-pc with PID 679873 (/home/teodora/Desktop/praksa/blockbuster/Blockbuster-parent/blockbuster-auth/target/classes started by teodora in /home/teodora/Desktop/praksa/blockbuster/Blockbuster-parent/blockbuster-auth)
2022-02-08 18:22:59,713 INFO n.d.b.a.BlockbusterAuthApplication [restartedMain] No active profile set, falling back to default profiles: default
2022-02-08 18:22:59,980 INFO n.d.b.a.BlockbusterAuthApplication [restartedMain] Started BlockbusterAuthApplication in 0.292 seconds (JVM running for 22708.19)
2022-02-08 18:23:17,108 INFO n.d.b.a.BlockbusterAuthApplication [restartedMain] Starting BlockbusterAuthApplication using Java 1.8.0_202 on teodora-pc with PID 679873 (/home/teodora/Desktop/praksa/blockbuster/Blockbuster-parent/blockbuster-auth/target/classes started by teodora in /home/teodora/Desktop/praksa/blockbuster/Blockbuster-parent/blockbuster-auth)
2022-02-08 18:23:17,108 INFO n.d.b.a.BlockbusterAuthApplication [restartedMain] No active profile set, falling back to default profiles: default
2022-02-08 18:23:17,400 INFO n.d.b.a.BlockbusterAuthApplication [restartedMain] Started BlockbusterAuthApplication in 0.312 seconds (JVM running for 22725.61)
2022-02-08 18:23:36,567 INFO n.d.b.a.BlockbusterAuthApplication [restartedMain] Starting BlockbusterAuthApplication using Java 1.8.0_202 on teodora-pc with PID 679873 (/home/teodora/Desktop/praksa/blockbuster/Blockbuster-parent/blockbuster-auth/target/classes started by teodora in /home/teodora/Desktop/praksa/blockbuster/Blockbuster-parent/blockbuster-auth)
2022-02-08 18:23:36,567 INFO n.d.b.a.BlockbusterAuthApplication [restartedMain] No active profile set, falling back to default profiles: default
2022-02-08 18:23:37,209 INFO n.d.b.a.BlockbusterAuthApplication [restartedMain] Started BlockbusterAuthApplication in 0.664 seconds (JVM running for 22745.42)
2022-02-08 18:23:55,356 INFO n.d.b.a.BlockbusterAuthApplication [restartedMain] Starting BlockbusterAuthApplication using Java 1.8.0_202 on teodora-pc with PID 679873 (/home/teodora/Desktop/praksa/blockbuster/Blockbuster-parent/blockbuster-auth/target/classes started by teodora in /home/teodora/Desktop/praksa/blockbuster/Blockbuster-parent/blockbuster-auth)
2022-02-08 18:23:55,356 INFO n.d.b.a.BlockbusterAuthApplication [restartedMain] No active profile set, falling back to default profiles: default
2022-02-08 18:23:55,665 INFO n.d.b.a.BlockbusterAuthApplication [restartedMain] Started BlockbusterAuthApplication in 0.333 seconds (JVM running for 22763.876)
2022-02-08 18:24:28,800 INFO n.d.b.a.BlockbusterAuthApplication [restartedMain] Starting BlockbusterAuthApplication using Java 1.8.0_202 on teodora-pc with PID 679873 (/home/teodora/Desktop/praksa/blockbuster/Blockbuster-parent/blockbuster-auth/target/classes started by teodora in /home/teodora/Desktop/praksa/blockbuster/Blockbuster-parent/blockbuster-auth)
2022-02-08 18:24:28,800 INFO n.d.b.a.BlockbusterAuthApplication [restartedMain] No active profile set, falling back to default profiles: default
2022-02-08 18:24:29,148 INFO n.d.b.a.BlockbusterAuthApplication [restartedMain] Started BlockbusterAuthApplication in 0.368 seconds (JVM running for 22797.359)
2022-02-08 18:24:47,283 INFO n.d.b.a.BlockbusterAuthApplication [restartedMain] Starting BlockbusterAuthApplication using Java 1.8.0_202 on teodora-pc with PID 679873 (/home/teodora/Desktop/praksa/blockbuster/Blockbuster-parent/blockbuster-auth/target/classes started by teodora in /home/teodora/Desktop/praksa/blockbuster/Blockbuster-parent/blockbuster-auth)
2022-02-08 18:24:47,283 INFO n.d.b.a.BlockbusterAuthApplication [restartedMain] No active profile set, falling back to default profiles: default
2022-02-08 18:24:47,624 INFO n.d.b.a.BlockbusterAuthApplication [restartedMain] Started BlockbusterAuthApplication in 0.365 seconds (JVM running for 22815.834)
2022-02-08 18:25:05,784 INFO n.d.b.a.BlockbusterAuthApplication [restartedMain] Starting BlockbusterAuthApplication using Java 1.8.0_202 on teodora-pc with PID 679873 (/home/teodora/Desktop/praksa/blockbuster/Blockbuster-parent/blockbuster-auth/target/classes started by teodora in /home/teodora/Desktop/praksa/blockbuster/Blockbuster-parent/blockbuster-auth)
2022-02-08 18:25:05,785 INFO n.d.b.a.BlockbusterAuthApplication [restartedMain] No active profile set, falling back to default profiles: default
2022-02-08 18:25:06,477 INFO n.d.b.a.BlockbusterAuthApplication [restartedMain] Started BlockbusterAuthApplication in 0.72 seconds (JVM running for 22834.688)
2022-02-08 18:25:24,643 INFO n.d.b.a.BlockbusterAuthApplication [restartedMain] Starting BlockbusterAuthApplication using Java 1.8.0_202 on teodora-pc with PID 679873 (/home/teodora/Desktop/praksa/blockbuster/Blockbuster-parent/blockbuster-auth/target/classes started by teodora in /home/teodora/Desktop/praksa/blockbuster/Blockbuster-parent/blockbuster-auth)
2022-02-08 18:25:24,643 INFO n.d.b.a.BlockbusterAuthApplication [restartedMain] No active profile set, falling back to default profiles: default
2022-02-08 18:25:24,932 INFO n.d.b.a.BlockbusterAuthApplication [restartedMain] Started BlockbusterAuthApplication in 0.31 seconds (JVM running for 22853.143)
2022-02-08 18:50:13,090 INFO n.d.b.a.BlockbusterAuthApplication [restartedMain] Starting BlockbusterAuthApplication using Java 1.8.0_202 on teodora-pc with PID 706676 (/home/teodora/Desktop/praksa/blockbuster/Blockbuster-parent/blockbuster-auth/target/classes started by teodora in /home/teodora/Desktop/praksa/blockbuster/Blockbuster-parent/blockbuster-auth)
2022-02-08 18:50:13,094 INFO n.d.b.a.BlockbusterAuthApplication [restartedMain] No active profile set, falling back to default profiles: default
2022-02-08 18:50:15,156 INFO n.d.b.a.BlockbusterAuthApplication [restartedMain] Started BlockbusterAuthApplication in 2.284 seconds (JVM running for 2.835)
2022-02-08 18:50:21,374 INFO n.d.b.a.BlockbusterAuthApplication [restartedMain] Starting BlockbusterAuthApplication using Java 1.8.0_202 on teodora-pc with PID 706676 (/home/teodora/Desktop/praksa/blockbuster/Blockbuster-parent/blockbuster-auth/target/classes started by teodora in /home/teodora/Desktop/praksa/blockbuster/Blockbuster-parent/blockbuster-auth)
2022-02-08 18:50:21,375 INFO n.d.b.a.BlockbusterAuthApplication [restartedMain] No active profile set, falling back to default profiles: default
2022-02-08 18:50:22,271 INFO n.d.b.a.BlockbusterAuthApplication [restartedMain] Started BlockbusterAuthApplication in 0.945 seconds (JVM running for 9.95)
2022-02-08 19:03:17,520 INFO n.d.b.a.BlockbusterAuthApplication [restartedMain] Starting BlockbusterAuthApplication using Java 1.8.0_202 on teodora-pc with PID 706676 (/home/teodora/Desktop/praksa/blockbuster/Blockbuster-parent/blockbuster-auth/target/classes started by teodora in /home/teodora/Desktop/praksa/blockbuster/Blockbuster-parent/blockbuster-auth)
2022-02-08 19:03:17,521 INFO n.d.b.a.BlockbusterAuthApplication [restartedMain] No active profile set, falling back to default profiles: default
2022-02-08 19:03:18,286 INFO n.d.b.a.BlockbusterAuthApplication [restartedMain] Started BlockbusterAuthApplication in 0.796 seconds (JVM running for 785.964)
2022-02-08 19:03:20,472 INFO n.d.b.a.BlockbusterAuthApplication [restartedMain] Starting BlockbusterAuthApplication using Java 1.8.0_202 on teodora-pc with PID 706676 (/home/teodora/Desktop/praksa/blockbuster/Blockbuster-parent/blockbuster-auth/target/classes started by teodora in /home/teodora/Desktop/praksa/blockbuster/Blockbuster-parent/blockbuster-auth)
2022-02-08 19:03:20,472 INFO n.d.b.a.BlockbusterAuthApplication [restartedMain] No active profile set, falling back to default profiles: default
2022-02-08 19:03:20,931 INFO n.d.b.a.BlockbusterAuthApplication [restartedMain] Started BlockbusterAuthApplication in 0.489 seconds (JVM running for 788.609)
2022-02-08 19:19:47,218 INFO n.d.b.a.BlockbusterAuthApplication [restartedMain] Starting BlockbusterAuthApplication using Java 1.8.0_202 on teodora-pc with PID 706676 (/home/teodora/Desktop/praksa/blockbuster/Blockbuster-parent/blockbuster-auth/target/classes started by teodora in /home/teodora/Desktop/praksa/blockbuster/Blockbuster-parent/blockbuster-auth)
2022-02-08 19:19:47,218 INFO n.d.b.a.BlockbusterAuthApplication [restartedMain] No active profile set, falling back to default profiles: default
2022-02-08 19:19:47,642 INFO n.d.b.a.BlockbusterAuthApplication [restartedMain] Started BlockbusterAuthApplication in 0.451 seconds (JVM running for 1775.321)
2022-02-08 19:20:59,742 INFO n.d.b.a.BlockbusterAuthApplication [restartedMain] Starting BlockbusterAuthApplication using Java 1.8.0_202 on teodora-pc with PID 711222 (/home/teodora/Desktop/praksa/blockbuster/Blockbuster-parent/blockbuster-auth/target/classes started by teodora in /home/teodora/Desktop/praksa/blockbuster/Blockbuster-parent/blockbuster-auth)
2022-02-08 19:20:59,747 INFO n.d.b.a.BlockbusterAuthApplication [restartedMain] No active profile set, falling back to default profiles: default
2022-02-08 19:21:01,974 INFO n.d.b.a.BlockbusterAuthApplication [restartedMain] Started BlockbusterAuthApplication in 2.453 seconds (JVM running for 2.995)
2022-02-08 19:21:08,155 INFO n.d.b.a.BlockbusterAuthApplication [restartedMain] Starting BlockbusterAuthApplication using Java 1.8.0_202 on teodora-pc with PID 711222 (/home/teodora/Desktop/praksa/blockbuster/Blockbuster-parent/blockbuster-auth/target/classes started by teodora in /home/teodora/Desktop/praksa/blockbuster/Blockbuster-parent/blockbuster-auth)
2022-02-08 19:21:08,156 INFO n.d.b.a.BlockbusterAuthApplication [restartedMain] No active profile set, falling back to default profiles: default
2022-02-08 19:21:09,648 INFO n.d.b.a.BlockbusterAuthApplication [restartedMain] Started BlockbusterAuthApplication in 1.541 seconds (JVM running for 10.669)
2022-02-08 20:44:09,487 INFO n.d.b.a.BlockbusterAuthApplication [restartedMain] Starting BlockbusterAuthApplication using Java 1.8.0_202 on teodora-pc with PID 711222 (/home/teodora/Desktop/praksa/blockbuster/Blockbuster-parent/blockbuster-auth/target/classes started by teodora in /home/teodora/Desktop/praksa/blockbuster/Blockbuster-parent/blockbuster-auth)
2022-02-08 20:44:09,488 INFO n.d.b.a.BlockbusterAuthApplication [restartedMain] No active profile set, falling back to default profiles: default
2022-02-08 20:44:10,124 INFO n.d.b.a.BlockbusterAuthApplication [restartedMain] Started BlockbusterAuthApplication in 0.668 seconds (JVM running for 4991.145)
2022-02-08 21:25:33,623 INFO n.d.b.a.BlockbusterAuthApplication [restartedMain] Starting BlockbusterAuthApplication using Java 1.8.0_202 on teodora-pc with PID 711222 (/home/teodora/Desktop/praksa/blockbuster/Blockbuster-parent/blockbuster-auth/target/classes started by teodora in /home/teodora/Desktop/praksa/blockbuster/Blockbuster-parent/blockbuster-auth)
2022-02-08 21:25:33,624 INFO n.d.b.a.BlockbusterAuthApplication [restartedMain] No active profile set, falling back to default profiles: default
2022-02-08 21:25:34,722 INFO n.d.b.a.BlockbusterAuthApplication [restartedMain] Started BlockbusterAuthApplication in 1.149 seconds (JVM running for 7475.744)
